[0.000][INFO]:      ChromeDriver 23.0.1240.0 /Users/bear/dev/chromedriver
[1.006][FINE]:      Initializing session with capabilities {
   "browserName": "chrome",
   "chromeOptions": {
      "args": [  ],
      "binary": "",
      "extensions": [  ]
   },
   "javascriptEnabled": true,
   "platform": "ANY",
   "version": ""
}

[1.008][INFO]:      Launching chrome: /Applications/Google Chrome.app/Contents/MacOS/Google Chrome --enable-logging --log-level=1 --disable-hang-monitor --disable-prompt-on-repost --dom-automation --full-memory-crash-report --no-default-browser-check --no-first-run --disable-background-networking --disable-sync --disable-translate --disable-web-resources --safebrowsing-disable-auto-update --safebrowsing-disable-download-protection --disable-client-side-phishing-detection --disable-component-update --disable-default-apps --use-mock-keychain --ignore-certificate-errors about:blank
[2.528][INFO]:      Connected to Chrome successfully. Version: 26.0.1410.63
[2.549][FINE]:      Command received (/session/40d6afdcbdf49702acf4a085f9d6c3a4)
[2.549][FINE]:      Command finished (/session/40d6afdcbdf49702acf4a085f9d6c3a4) with response {
   "sessionId": "40d6afdcbdf49702acf4a085f9d6c3a4",
   "status": 0,
   "value": {
      "acceptSslCerts": false,
      "applicationCacheEnabled": false,
      "browserConnectionEnabled": false,
      "browserName": "chrome",
      "chrome.chromedriverVersion": "23.0.1240.0",
      "chrome.nativeEvents": false,
      "cssSelectorsEnabled": true,
      "databaseEnabled": false,
      "handlesAlerts": true,
      "javascriptEnabled": true,
      "locationContextEnabled": false,
      "nativeEvents": true,
      "platform": "mac",
      "rotatable": false,
      "takesScreenshot": true,
      "version": "26.0.1410.63",
      "webStorageEnabled": true
   }
}

[2.589][FINE]:      Command received (/session/40d6afdcbdf49702acf4a085f9d6c3a4/url) with params {
   "sessionId": "40d6afdcbdf49702acf4a085f9d6c3a4",
   "url": "http://www.gumtree.com.au/"
}

[2.589][FINER]:     Waiting for all views to stop loading...
[2.590][FINER]:     Done waiting for all views to stop loading
[8.371][FINER]:     Waiting for all views to stop loading...
[8.388][FINER]:     Done waiting for all views to stop loading
[8.388][FINE]:      Command finished (/session/40d6afdcbdf49702acf4a085f9d6c3a4/url) with response {
   "sessionId": "40d6afdcbdf49702acf4a085f9d6c3a4",
   "status": 0,
   "value": {

   }
}

[8.391][FINE]:      Command received (/session/40d6afdcbdf49702acf4a085f9d6c3a4/element) with params {
   "sessionId": "40d6afdcbdf49702acf4a085f9d6c3a4",
   "using": "link text",
   "value": "Property for Rent"
}

[8.391][FINER]:     Waiting for all views to stop loading...
[8.391][FINER]:     Done waiting for all views to stop loading
[8.555][FINER]:     Waiting for all views to stop loading...
[8.556][FINER]:     Done waiting for all views to stop loading
[8.556][FINE]:      Command finished (/session/40d6afdcbdf49702acf4a085f9d6c3a4/element) with response {
   "sessionId": "40d6afdcbdf49702acf4a085f9d6c3a4",
   "status": 0,
   "value": {
      "ELEMENT": ":wdc:1365589719047"
   }
}

[8.559][FINE]:      Command received (/session/40d6afdcbdf49702acf4a085f9d6c3a4/element/:wdc:1365589719047/click) with params {
   "id": ":wdc:1365589719047",
   "sessionId": "40d6afdcbdf49702acf4a085f9d6c3a4"
}

[8.559][FINER]:     Waiting for all views to stop loading...
[8.559][FINER]:     Done waiting for all views to stop loading
[8.637][FINER]:     Waiting for all views to stop loading...
[13.926][FINER]:    Done waiting for all views to stop loading
[13.926][FINE]:     Command finished (/session/40d6afdcbdf49702acf4a085f9d6c3a4/element/:wdc:1365589719047/click) with response {
   "sessionId": "40d6afdcbdf49702acf4a085f9d6c3a4",
   "status": 0,
   "value": {

   }
}

[13.930][FINE]:     Command received (/session/40d6afdcbdf49702acf4a085f9d6c3a4/elements) with params {
   "sessionId": "40d6afdcbdf49702acf4a085f9d6c3a4",
   "using": "css selector",
   "value": "ul.srp-nav-attr-list"
}

[13.930][FINER]:    Waiting for all views to stop loading...
[13.930][FINER]:    Done waiting for all views to stop loading
[13.946][FINER]:    Waiting for all views to stop loading...
[13.947][FINER]:    Done waiting for all views to stop loading
[13.947][FINE]:     Command finished (/session/40d6afdcbdf49702acf4a085f9d6c3a4/elements) with response {
   "sessionId": "40d6afdcbdf49702acf4a085f9d6c3a4",
   "status": 0,
   "value": [ {
      "ELEMENT": ":wdc:1365589724439"
   }, {
      "ELEMENT": ":wdc:1365589724440"
   }, {
      "ELEMENT": ":wdc:1365589724441"
   }, {
      "ELEMENT": ":wdc:1365589724442"
   }, {
      "ELEMENT": ":wdc:1365589724443"
   }, {
      "ELEMENT": ":wdc:1365589724444"
   }, {
      "ELEMENT": ":wdc:1365589724445"
   }, {
      "ELEMENT": ":wdc:1365589724446"
   }, {
      "ELEMENT": ":wdc:1365589724447"
   }, {
      "ELEMENT": ":wdc:1365589724448"
   }, {
      "ELEMENT": ":wdc:1365589724449"
   }, {
      "ELEMENT": ":wdc:1365589724450"
   } ]
}

[13.949][FINE]:     Command received (/session/40d6afdcbdf49702acf4a085f9d6c3a4/element/:wdc:1365589724442/element) with params {
   "id": ":wdc:1365589724442",
   "sessionId": "40d6afdcbdf49702acf4a085f9d6c3a4",
   "using": "link text",
   "value": "Victoria"
}

[13.949][FINER]:    Waiting for all views to stop loading...
[13.950][FINER]:    Done waiting for all views to stop loading
[13.970][FINER]:    Waiting for all views to stop loading...
[13.970][FINER]:    Done waiting for all views to stop loading
[13.970][FINE]:     Command finished (/session/40d6afdcbdf49702acf4a085f9d6c3a4/element/:wdc:1365589724442/element) with response {
   "sessionId": "40d6afdcbdf49702acf4a085f9d6c3a4",
   "status": 0,
   "value": {
      "ELEMENT": ":wdc:1365589724451"
   }
}

[13.972][FINE]:     Command received (/session/40d6afdcbdf49702acf4a085f9d6c3a4/element/:wdc:1365589724451/click) with params {
   "id": ":wdc:1365589724451",
   "sessionId": "40d6afdcbdf49702acf4a085f9d6c3a4"
}

[13.972][FINER]:    Waiting for all views to stop loading...
[13.973][FINER]:    Done waiting for all views to stop loading
[14.031][FINER]:    Waiting for all views to stop loading...
[17.464][FINER]:    Done waiting for all views to stop loading
[17.464][FINE]:     Command finished (/session/40d6afdcbdf49702acf4a085f9d6c3a4/element/:wdc:1365589724451/click) with response {
   "sessionId": "40d6afdcbdf49702acf4a085f9d6c3a4",
   "status": 0,
   "value": {

   }
}

[17.467][FINE]:     Command received (/session/40d6afdcbdf49702acf4a085f9d6c3a4/element) with params {
   "sessionId": "40d6afdcbdf49702acf4a085f9d6c3a4",
   "using": "id",
   "value": "srp-nav-price-min"
}

[17.467][FINER]:    Waiting for all views to stop loading...
[17.467][FINER]:    Done waiting for all views to stop loading
[17.483][FINER]:    Waiting for all views to stop loading...
[17.484][FINER]:    Done waiting for all views to stop loading
[17.484][FINE]:     Command finished (/session/40d6afdcbdf49702acf4a085f9d6c3a4/element) with response {
   "sessionId": "40d6afdcbdf49702acf4a085f9d6c3a4",
   "status": 0,
   "value": {
      "ELEMENT": ":wdc:1365589727976"
   }
}

[17.487][FINE]:     Command received (/session/40d6afdcbdf49702acf4a085f9d6c3a4/element/:wdc:1365589727976/value) with params {
   "id": ":wdc:1365589727976",
   "sessionId": "40d6afdcbdf49702acf4a085f9d6c3a4",
   "value": [ "2", "5", "0" ]
}

[17.487][FINER]:    Waiting for all views to stop loading...
[17.488][FINER]:    Done waiting for all views to stop loading
[18.162][FINER]:    Waiting for all views to stop loading...
[18.169][FINER]:    Done waiting for all views to stop loading
[18.169][FINE]:     Command finished (/session/40d6afdcbdf49702acf4a085f9d6c3a4/element/:wdc:1365589727976/value) with response {
   "sessionId": "40d6afdcbdf49702acf4a085f9d6c3a4",
   "status": 0,
   "value": {

   }
}

[18.171][FINE]:     Command received (/session/40d6afdcbdf49702acf4a085f9d6c3a4/element) with params {
   "sessionId": "40d6afdcbdf49702acf4a085f9d6c3a4",
   "using": "id",
   "value": "srp-nav-price-max"
}

[18.171][FINER]:    Waiting for all views to stop loading...
[18.172][FINER]:    Done waiting for all views to stop loading
[18.186][FINER]:    Waiting for all views to stop loading...
[18.186][FINER]:    Done waiting for all views to stop loading
[18.186][FINE]:     Command finished (/session/40d6afdcbdf49702acf4a085f9d6c3a4/element) with response {
   "sessionId": "40d6afdcbdf49702acf4a085f9d6c3a4",
   "status": 0,
   "value": {
      "ELEMENT": ":wdc:1365589727977"
   }
}

[18.189][FINE]:     Command received (/session/40d6afdcbdf49702acf4a085f9d6c3a4/element/:wdc:1365589727977/value) with params {
   "id": ":wdc:1365589727977",
   "sessionId": "40d6afdcbdf49702acf4a085f9d6c3a4",
   "value": [ "3", "4", "0" ]
}

[18.189][FINER]:    Waiting for all views to stop loading...
[18.190][FINER]:    Done waiting for all views to stop loading
[18.350][FINER]:    Waiting for all views to stop loading...
[18.352][FINER]:    Done waiting for all views to stop loading
[18.352][FINE]:     Command finished (/session/40d6afdcbdf49702acf4a085f9d6c3a4/element/:wdc:1365589727977/value) with response {
   "sessionId": "40d6afdcbdf49702acf4a085f9d6c3a4",
   "status": 0,
   "value": {

   }
}

[18.355][FINE]:     Command received (/session/40d6afdcbdf49702acf4a085f9d6c3a4/element) with params {
   "sessionId": "40d6afdcbdf49702acf4a085f9d6c3a4",
   "using": "id",
   "value": "srp-nav-price-sbmt"
}

[18.355][FINER]:    Waiting for all views to stop loading...
[18.355][FINER]:    Done waiting for all views to stop loading
[18.369][FINER]:    Waiting for all views to stop loading...
[18.370][FINER]:    Done waiting for all views to stop loading
[18.370][FINE]:     Command finished (/session/40d6afdcbdf49702acf4a085f9d6c3a4/element) with response {
   "sessionId": "40d6afdcbdf49702acf4a085f9d6c3a4",
   "status": 0,
   "value": {
      "ELEMENT": ":wdc:1365589727978"
   }
}

[18.372][FINE]:     Command received (/session/40d6afdcbdf49702acf4a085f9d6c3a4/element/:wdc:1365589727978/click) with params {
   "id": ":wdc:1365589727978",
   "sessionId": "40d6afdcbdf49702acf4a085f9d6c3a4"
}

[18.372][FINER]:    Waiting for all views to stop loading...
[18.373][FINER]:    Done waiting for all views to stop loading
[18.436][FINER]:    Waiting for all views to stop loading...
[21.155][FINER]:    Done waiting for all views to stop loading
[21.156][FINE]:     Command finished (/session/40d6afdcbdf49702acf4a085f9d6c3a4/element/:wdc:1365589727978/click) with response {
   "sessionId": "40d6afdcbdf49702acf4a085f9d6c3a4",
   "status": 0,
   "value": {

   }
}

[29.159][FINE]:     Command received (/session/40d6afdcbdf49702acf4a085f9d6c3a4/elements) with params {
   "sessionId": "40d6afdcbdf49702acf4a085f9d6c3a4",
   "using": "css selector",
   "value": "ul.srp-nav-attr-list"
}

[29.159][FINER]:    Waiting for all views to stop loading...
[29.159][FINER]:    Done waiting for all views to stop loading
[29.166][FINER]:    Waiting for all views to stop loading...
[29.167][FINER]:    Done waiting for all views to stop loading
[29.167][FINE]:     Command finished (/session/40d6afdcbdf49702acf4a085f9d6c3a4/elements) with response {
   "sessionId": "40d6afdcbdf49702acf4a085f9d6c3a4",
   "status": 0,
   "value": [ {
      "ELEMENT": ":wdc:1365589739658"
   }, {
      "ELEMENT": ":wdc:1365589739659"
   }, {
      "ELEMENT": ":wdc:1365589739660"
   }, {
      "ELEMENT": ":wdc:1365589739661"
   }, {
      "ELEMENT": ":wdc:1365589739662"
   }, {
      "ELEMENT": ":wdc:1365589739663"
   }, {
      "ELEMENT": ":wdc:1365589739664"
   }, {
      "ELEMENT": ":wdc:1365589739665"
   }, {
      "ELEMENT": ":wdc:1365589739666"
   }, {
      "ELEMENT": ":wdc:1365589739667"
   }, {
      "ELEMENT": ":wdc:1365589739668"
   }, {
      "ELEMENT": ":wdc:1365589739669"
   }, {
      "ELEMENT": ":wdc:1365589739670"
   }, {
      "ELEMENT": ":wdc:1365589739671"
   } ]
}

[29.169][FINE]:     Command received (/session/40d6afdcbdf49702acf4a085f9d6c3a4/element/:wdc:1365589739661/element) with params {
   "id": ":wdc:1365589739661",
   "sessionId": "40d6afdcbdf49702acf4a085f9d6c3a4",
   "using": "link text",
   "value": "Melbourne Region"
}

[29.169][FINER]:    Waiting for all views to stop loading...
[29.170][FINER]:    Done waiting for all views to stop loading
[29.187][FINER]:    Waiting for all views to stop loading...
[29.187][FINER]:    Done waiting for all views to stop loading
[29.187][FINE]:     Command finished (/session/40d6afdcbdf49702acf4a085f9d6c3a4/element/:wdc:1365589739661/element) with response {
   "sessionId": "40d6afdcbdf49702acf4a085f9d6c3a4",
   "status": 0,
   "value": {
      "ELEMENT": ":wdc:1365589739672"
   }
}

[29.190][FINE]:     Command received (/session/40d6afdcbdf49702acf4a085f9d6c3a4/element/:wdc:1365589739672/click) with params {
   "id": ":wdc:1365589739672",
   "sessionId": "40d6afdcbdf49702acf4a085f9d6c3a4"
}

[29.190][FINER]:    Waiting for all views to stop loading...
[29.190][FINER]:    Done waiting for all views to stop loading
[29.265][FINER]:    Waiting for all views to stop loading...
[32.216][FINER]:    Done waiting for all views to stop loading
[32.216][FINE]:     Command finished (/session/40d6afdcbdf49702acf4a085f9d6c3a4/element/:wdc:1365589739672/click) with response {
   "sessionId": "40d6afdcbdf49702acf4a085f9d6c3a4",
   "status": 0,
   "value": {

   }
}

[32.219][FINE]:     Command received (/session/40d6afdcbdf49702acf4a085f9d6c3a4/elements) with params {
   "sessionId": "40d6afdcbdf49702acf4a085f9d6c3a4",
   "using": "css selector",
   "value": "ul.srp-nav-attr-list"
}

[32.219][FINER]:    Waiting for all views to stop loading...
[32.219][FINER]:    Done waiting for all views to stop loading
[32.225][FINER]:    Waiting for all views to stop loading...
[32.225][FINER]:    Done waiting for all views to stop loading
[32.225][FINE]:     Command finished (/session/40d6afdcbdf49702acf4a085f9d6c3a4/elements) with response {
   "sessionId": "40d6afdcbdf49702acf4a085f9d6c3a4",
   "status": 0,
   "value": [ {
      "ELEMENT": ":wdc:1365589742717"
   }, {
      "ELEMENT": ":wdc:1365589742718"
   }, {
      "ELEMENT": ":wdc:1365589742719"
   }, {
      "ELEMENT": ":wdc:1365589742720"
   }, {
      "ELEMENT": ":wdc:1365589742721"
   }, {
      "ELEMENT": ":wdc:1365589742722"
   }, {
      "ELEMENT": ":wdc:1365589742723"
   }, {
      "ELEMENT": ":wdc:1365589742724"
   }, {
      "ELEMENT": ":wdc:1365589742725"
   }, {
      "ELEMENT": ":wdc:1365589742726"
   }, {
      "ELEMENT": ":wdc:1365589742727"
   }, {
      "ELEMENT": ":wdc:1365589742728"
   }, {
      "ELEMENT": ":wdc:1365589742729"
   }, {
      "ELEMENT": ":wdc:1365589742730"
   }, {
      "ELEMENT": ":wdc:1365589742731"
   } ]
}

[32.228][FINE]:     Command received (/session/40d6afdcbdf49702acf4a085f9d6c3a4/element/:wdc:1365589742720/element) with params {
   "id": ":wdc:1365589742720",
   "sessionId": "40d6afdcbdf49702acf4a085f9d6c3a4",
   "using": "link text",
   "value": "show more"
}

[32.228][FINER]:    Waiting for all views to stop loading...
[32.228][FINER]:    Done waiting for all views to stop loading
[32.257][FINER]:    Waiting for all views to stop loading...
[32.258][FINER]:    Done waiting for all views to stop loading
[32.258][FINE]:     Command finished (/session/40d6afdcbdf49702acf4a085f9d6c3a4/element/:wdc:1365589742720/element) with response {
   "sessionId": "40d6afdcbdf49702acf4a085f9d6c3a4",
   "status": 0,
   "value": {
      "ELEMENT": ":wdc:1365589742732"
   }
}

[32.260][FINE]:     Command received (/session/40d6afdcbdf49702acf4a085f9d6c3a4/element/:wdc:1365589742732/click) with params {
   "id": ":wdc:1365589742732",
   "sessionId": "40d6afdcbdf49702acf4a085f9d6c3a4"
}

[32.260][FINER]:    Waiting for all views to stop loading...
[32.261][FINER]:    Done waiting for all views to stop loading
[32.315][FINER]:    Waiting for all views to stop loading...
[32.315][FINER]:    Done waiting for all views to stop loading
[32.315][FINE]:     Command finished (/session/40d6afdcbdf49702acf4a085f9d6c3a4/element/:wdc:1365589742732/click) with response {
   "sessionId": "40d6afdcbdf49702acf4a085f9d6c3a4",
   "status": 0,
   "value": {

   }
}

[32.318][FINE]:     Command received (/session/40d6afdcbdf49702acf4a085f9d6c3a4/elements) with params {
   "sessionId": "40d6afdcbdf49702acf4a085f9d6c3a4",
   "using": "css selector",
   "value": "ul.srp-nav-attr-list"
}

[32.318][FINER]:    Waiting for all views to stop loading...
[32.321][FINER]:    Done waiting for all views to stop loading
[32.328][FINER]:    Waiting for all views to stop loading...
[32.329][FINER]:    Done waiting for all views to stop loading
[32.329][FINE]:     Command finished (/session/40d6afdcbdf49702acf4a085f9d6c3a4/elements) with response {
   "sessionId": "40d6afdcbdf49702acf4a085f9d6c3a4",
   "status": 0,
   "value": [ {
      "ELEMENT": ":wdc:1365589742717"
   }, {
      "ELEMENT": ":wdc:1365589742718"
   }, {
      "ELEMENT": ":wdc:1365589742719"
   }, {
      "ELEMENT": ":wdc:1365589742720"
   }, {
      "ELEMENT": ":wdc:1365589742721"
   }, {
      "ELEMENT": ":wdc:1365589742722"
   }, {
      "ELEMENT": ":wdc:1365589742723"
   }, {
      "ELEMENT": ":wdc:1365589742733"
   }, {
      "ELEMENT": ":wdc:1365589742724"
   }, {
      "ELEMENT": ":wdc:1365589742725"
   }, {
      "ELEMENT": ":wdc:1365589742726"
   }, {
      "ELEMENT": ":wdc:1365589742727"
   }, {
      "ELEMENT": ":wdc:1365589742728"
   }, {
      "ELEMENT": ":wdc:1365589742729"
   }, {
      "ELEMENT": ":wdc:1365589742730"
   }, {
      "ELEMENT": ":wdc:1365589742731"
   } ]
}

[32.331][FINE]:     Command received (/session/40d6afdcbdf49702acf4a085f9d6c3a4/element/:wdc:1365589742720/element) with params {
   "id": ":wdc:1365589742720",
   "sessionId": "40d6afdcbdf49702acf4a085f9d6c3a4",
   "using": "link text",
   "value": "Bayside Area"
}

[32.331][FINER]:    Waiting for all views to stop loading...
[32.332][FINER]:    Done waiting for all views to stop loading
[32.354][FINER]:    Waiting for all views to stop loading...
[32.354][FINER]:    Done waiting for all views to stop loading
[32.354][FINE]:     Command finished (/session/40d6afdcbdf49702acf4a085f9d6c3a4/element/:wdc:1365589742720/element) with response {
   "sessionId": "40d6afdcbdf49702acf4a085f9d6c3a4",
   "status": 0,
   "value": {
      "ELEMENT": ":wdc:1365589742734"
   }
}

[32.357][FINE]:     Command received (/session/40d6afdcbdf49702acf4a085f9d6c3a4/element/:wdc:1365589742734/click) with params {
   "id": ":wdc:1365589742734",
   "sessionId": "40d6afdcbdf49702acf4a085f9d6c3a4"
}

[32.357][FINER]:    Waiting for all views to stop loading...
[32.357][FINER]:    Done waiting for all views to stop loading
[32.422][FINER]:    Waiting for all views to stop loading...
[34.450][FINER]:    Done waiting for all views to stop loading
[34.450][FINE]:     Command finished (/session/40d6afdcbdf49702acf4a085f9d6c3a4/element/:wdc:1365589742734/click) with response {
   "sessionId": "40d6afdcbdf49702acf4a085f9d6c3a4",
   "status": 0,
   "value": {

   }
}

[34.453][FINE]:     Command received (/session/40d6afdcbdf49702acf4a085f9d6c3a4/element) with params {
   "sessionId": "40d6afdcbdf49702acf4a085f9d6c3a4",
   "using": "id",
   "value": "sortingField-selector-input"
}

[34.453][FINER]:    Waiting for all views to stop loading...
[34.453][FINER]:    Done waiting for all views to stop loading
[34.468][FINER]:    Waiting for all views to stop loading...
[34.468][FINER]:    Done waiting for all views to stop loading
[34.468][FINE]:     Command finished (/session/40d6afdcbdf49702acf4a085f9d6c3a4/element) with response {
   "sessionId": "40d6afdcbdf49702acf4a085f9d6c3a4",
   "status": 0,
   "value": {
      "ELEMENT": ":wdc:1365589744960"
   }
}

[34.471][FINE]:     Command received (/session/40d6afdcbdf49702acf4a085f9d6c3a4/element/:wdc:1365589744960/value) with params {
   "id": ":wdc:1365589744960",
   "sessionId": "40d6afdcbdf49702acf4a085f9d6c3a4",
   "value": [ "C", "h", "e", "a", "p", "e", "s", "t" ]
}

[34.471][FINER]:    Waiting for all views to stop loading...
[34.471][FINER]:    Done waiting for all views to stop loading
[34.605][FINER]:    Waiting for all views to stop loading...
[34.605][FINER]:    Done waiting for all views to stop loading
[34.605][FINE]:     Command finished (/session/40d6afdcbdf49702acf4a085f9d6c3a4/element/:wdc:1365589744960/value) with response {
   "sessionId": "40d6afdcbdf49702acf4a085f9d6c3a4",
   "status": 0,
   "value": {

   }
}

[34.607][FINE]:     Command received (/session/40d6afdcbdf49702acf4a085f9d6c3a4/element/:wdc:1365589744960/value) with params {
   "id": ":wdc:1365589744960",
   "sessionId": "40d6afdcbdf49702acf4a085f9d6c3a4",
   "value": [ "\uE006" ]
}

[34.607][FINER]:    Waiting for all views to stop loading...
[34.608][FINER]:    Done waiting for all views to stop loading
[34.640][FINER]:    Waiting for all views to stop loading...
[34.640][FINER]:    Done waiting for all views to stop loading
[34.640][FINE]:     Command finished (/session/40d6afdcbdf49702acf4a085f9d6c3a4/element/:wdc:1365589744960/value) with response {
   "sessionId": "40d6afdcbdf49702acf4a085f9d6c3a4",
   "status": 0,
   "value": {

   }
}

[42.645][FINE]:     Command received (/session/40d6afdcbdf49702acf4a085f9d6c3a4/elements) with params {
   "sessionId": "40d6afdcbdf49702acf4a085f9d6c3a4",
   "using": "css selector",
   "value": "ul#srchrslt-adtable li"
}

[42.645][FINER]:    Waiting for all views to stop loading...
[42.646][FINER]:    Done waiting for all views to stop loading
[42.662][FINER]:    Waiting for all views to stop loading...
[42.663][FINER]:    Done waiting for all views to stop loading
[42.663][FINE]:     Command finished (/session/40d6afdcbdf49702acf4a085f9d6c3a4/elements) with response {
   "sessionId": "40d6afdcbdf49702acf4a085f9d6c3a4",
   "status": 0,
   "value": [ {
      "ELEMENT": ":wdc:1365589753155"
   }, {
      "ELEMENT": ":wdc:1365589753156"
   } ]
}

[42.665][FINE]:     Command received (/session/40d6afdcbdf49702acf4a085f9d6c3a4/element/:wdc:1365589753155/element) with params {
   "id": ":wdc:1365589753155",
   "sessionId": "40d6afdcbdf49702acf4a085f9d6c3a4",
   "using": "css selector",
   "value": "div.rs-ad-field.rs-ad-detail"
}

[42.665][FINER]:    Waiting for all views to stop loading...
[42.665][FINER]:    Done waiting for all views to stop loading
[42.681][FINER]:    Waiting for all views to stop loading...
[42.681][FINER]:    Done waiting for all views to stop loading
[42.681][FINE]:     Command finished (/session/40d6afdcbdf49702acf4a085f9d6c3a4/element/:wdc:1365589753155/element) with response {
   "sessionId": "40d6afdcbdf49702acf4a085f9d6c3a4",
   "status": 0,
   "value": {
      "ELEMENT": ":wdc:1365589753157"
   }
}

[42.684][FINE]:     Command received (/session/40d6afdcbdf49702acf4a085f9d6c3a4/element/:wdc:1365589753157/element) with params {
   "id": ":wdc:1365589753157",
   "sessionId": "40d6afdcbdf49702acf4a085f9d6c3a4",
   "using": "link text",
   "value": "show more"
}

[42.684][FINER]:    Waiting for all views to stop loading...
[42.685][FINER]:    Done waiting for all views to stop loading
[42.702][FINER]:    Waiting for all views to stop loading...
[42.703][FINER]:    Done waiting for all views to stop loading
[42.703][FINE]:     Command finished (/session/40d6afdcbdf49702acf4a085f9d6c3a4/element/:wdc:1365589753157/element) with response {
   "sessionId": "40d6afdcbdf49702acf4a085f9d6c3a4",
   "status": 0,
   "value": {
      "ELEMENT": ":wdc:1365589753158"
   }
}

[42.705][FINE]:     Command received (/session/40d6afdcbdf49702acf4a085f9d6c3a4/element/:wdc:1365589753158/click) with params {
   "id": ":wdc:1365589753158",
   "sessionId": "40d6afdcbdf49702acf4a085f9d6c3a4"
}

[42.705][FINER]:    Waiting for all views to stop loading...
[42.705][FINER]:    Done waiting for all views to stop loading
[42.775][FINER]:    Waiting for all views to stop loading...
[42.775][FINER]:    Done waiting for all views to stop loading
[42.776][FINE]:     Command finished (/session/40d6afdcbdf49702acf4a085f9d6c3a4/element/:wdc:1365589753158/click) with response {
   "sessionId": "40d6afdcbdf49702acf4a085f9d6c3a4",
   "status": 0,
   "value": {

   }
}

[42.778][FINE]:     Command received (/session/40d6afdcbdf49702acf4a085f9d6c3a4/element/:wdc:1365589753157/text)
[42.778][FINER]:    Waiting for all views to stop loading...
[42.784][FINER]:    Done waiting for all views to stop loading
[42.818][FINER]:    Waiting for all views to stop loading...
[42.818][FINER]:    Done waiting for all views to stop loading
[42.818][FINE]:     Command finished (/session/40d6afdcbdf49702acf4a085f9d6c3a4/element/:wdc:1365589753157/text) with response {
   "sessionId": "40d6afdcbdf49702acf4a085f9d6c3a4",
   "status": 0,
   "value": "Wanted:Working Mother and 7 yo Daughter looking for a rental property!\nHi There, I am a 29 yo sin..."
}

[42.822][FINE]:     Command received (/session/40d6afdcbdf49702acf4a085f9d6c3a4/element/:wdc:1365589753156/element) with params {
   "id": ":wdc:1365589753156",
   "sessionId": "40d6afdcbdf49702acf4a085f9d6c3a4",
   "using": "css selector",
   "value": "div.rs-ad-field.rs-ad-detail"
}

[42.822][FINER]:    Waiting for all views to stop loading...
[42.822][FINER]:    Done waiting for all views to stop loading
[42.836][FINER]:    Waiting for all views to stop loading...
[42.836][FINER]:    Done waiting for all views to stop loading
[42.836][FINE]:     Command finished (/session/40d6afdcbdf49702acf4a085f9d6c3a4/element/:wdc:1365589753156/element) with response {
   "sessionId": "40d6afdcbdf49702acf4a085f9d6c3a4",
   "status": 0,
   "value": {
      "ELEMENT": ":wdc:1365589753159"
   }
}

[42.839][FINE]:     Command received (/session/40d6afdcbdf49702acf4a085f9d6c3a4/element/:wdc:1365589753159/element) with params {
   "id": ":wdc:1365589753159",
   "sessionId": "40d6afdcbdf49702acf4a085f9d6c3a4",
   "using": "link text",
   "value": "show more"
}

[42.839][FINER]:    Waiting for all views to stop loading...
[42.839][FINER]:    Done waiting for all views to stop loading
[42.856][FINER]:    Waiting for all views to stop loading...
[42.857][FINER]:    Done waiting for all views to stop loading
[42.857][FINE]:     Command finished (/session/40d6afdcbdf49702acf4a085f9d6c3a4/element/:wdc:1365589753159/element) with response {
   "sessionId": "40d6afdcbdf49702acf4a085f9d6c3a4",
   "status": 0,
   "value": {
      "ELEMENT": ":wdc:1365589753160"
   }
}

[42.860][FINE]:     Command received (/session/40d6afdcbdf49702acf4a085f9d6c3a4/element/:wdc:1365589753160/click) with params {
   "id": ":wdc:1365589753160",
   "sessionId": "40d6afdcbdf49702acf4a085f9d6c3a4"
}

[42.860][FINER]:    Waiting for all views to stop loading...
[42.860][FINER]:    Done waiting for all views to stop loading
[42.967][FINER]:    Waiting for all views to stop loading...
[42.984][FINER]:    Done waiting for all views to stop loading
[42.984][FINE]:     Command finished (/session/40d6afdcbdf49702acf4a085f9d6c3a4/element/:wdc:1365589753160/click) with response {
   "sessionId": "40d6afdcbdf49702acf4a085f9d6c3a4",
   "status": 0,
   "value": {

   }
}

[42.988][FINE]:     Command received (/session/40d6afdcbdf49702acf4a085f9d6c3a4/element/:wdc:1365589753159/text)
[42.988][FINER]:    Waiting for all views to stop loading...
[43.000][FINER]:    Done waiting for all views to stop loading
[43.050][FINER]:    Waiting for all views to stop loading...
[43.051][FINER]:    Done waiting for all views to stop loading
[43.051][FINE]:     Command finished (/session/40d6afdcbdf49702acf4a085f9d6c3a4/element/:wdc:1365589753159/text) with response {
   "sessionId": "40d6afdcbdf49702acf4a085f9d6c3a4",
   "status": 0,
   "value": "Spacious Two Bedroom Unit\nFreshly painted two bedroom unit in great location, close to shops, bea..."
}

[43.054][FINE]:     Command received (/session/40d6afdcbdf49702acf4a085f9d6c3a4/element/:wdc:1365589753156/element) with params {
   "id": ":wdc:1365589753156",
   "sessionId": "40d6afdcbdf49702acf4a085f9d6c3a4",
   "using": "css selector",
   "value": "div.rs-ad-field.rs-ad-price"
}

[43.054][FINER]:    Waiting for all views to stop loading...
[43.069][FINER]:    Done waiting for all views to stop loading
[43.102][FINER]:    Waiting for all views to stop loading...
[43.118][FINER]:    Done waiting for all views to stop loading
[43.118][FINE]:     Command finished (/session/40d6afdcbdf49702acf4a085f9d6c3a4/element/:wdc:1365589753156/element) with response {
   "sessionId": "40d6afdcbdf49702acf4a085f9d6c3a4",
   "status": 0,
   "value": {
      "ELEMENT": ":wdc:1365589753161"
   }
}

[43.122][FINE]:     Command received (/session/40d6afdcbdf49702acf4a085f9d6c3a4/element/:wdc:1365589753161/text)
[43.122][FINER]:    Waiting for all views to stop loading...
[43.136][FINER]:    Done waiting for all views to stop loading
[43.184][FINER]:    Waiting for all views to stop loading...
[43.185][FINER]:    Done waiting for all views to stop loading
[43.185][FINE]:     Command finished (/session/40d6afdcbdf49702acf4a085f9d6c3a4/element/:wdc:1365589753161/text) with response {
   "sessionId": "40d6afdcbdf49702acf4a085f9d6c3a4",
   "status": 0,
   "value": "$325.00"
}

[43.188][FINE]:     Command received (/session/40d6afdcbdf49702acf4a085f9d6c3a4/element/:wdc:1365589753156/element) with params {
   "id": ":wdc:1365589753156",
   "sessionId": "40d6afdcbdf49702acf4a085f9d6c3a4",
   "using": "css selector",
   "value": "a.rs-ad-title.h-elips"
}

[43.188][FINER]:    Waiting for all views to stop loading...
[43.189][FINER]:    Done waiting for all views to stop loading
[43.203][FINER]:    Waiting for all views to stop loading...
[43.203][FINER]:    Done waiting for all views to stop loading
[43.203][FINE]:     Command finished (/session/40d6afdcbdf49702acf4a085f9d6c3a4/element/:wdc:1365589753156/element) with response {
   "sessionId": "40d6afdcbdf49702acf4a085f9d6c3a4",
   "status": 0,
   "value": {
      "ELEMENT": ":wdc:1365589753162"
   }
}

[43.206][FINE]:     Command received (/session/40d6afdcbdf49702acf4a085f9d6c3a4/element/:wdc:1365589753162/attribute/href)
[43.206][FINER]:    Waiting for all views to stop loading...
[43.206][FINER]:    Done waiting for all views to stop loading
[43.233][FINER]:    Waiting for all views to stop loading...
[43.233][FINER]:    Done waiting for all views to stop loading
[43.234][FINE]:     Command finished (/session/40d6afdcbdf49702acf4a085f9d6c3a4/element/:wdc:1365589753162/attribute/href) with response {
   "sessionId": "40d6afdcbdf49702acf4a085f9d6c3a4",
   "status": 0,
   "value": "http://www.gumtree.com.au/s-ad/hampton-east/property-for-rent/spacious-two-bedroom-unit/1017365328"
}

[43.236][FINE]:     Command received (/session/40d6afdcbdf49702acf4a085f9d6c3a4/window)
[43.237][FINE]:     Command finished (/session/40d6afdcbdf49702acf4a085f9d6c3a4/window) with response {
   "sessionId": "40d6afdcbdf49702acf4a085f9d6c3a4",
   "status": 0,
   "value": {

   }
}

[43.240][FINE]:     Command received (/session/40d6afdcbdf49702acf4a085f9d6c3a4/window)
[43.240][FINE]:     Command finished (/session/40d6afdcbdf49702acf4a085f9d6c3a4/window) with response {
   "sessionId": "40d6afdcbdf49702acf4a085f9d6c3a4",
   "status": 0,
   "value": {

   }
}

